[debug] [2025-06-28T03:46:56.746Z] ----------------------------------------------------------------------
[debug] [2025-06-28T03:46:56.750Z] Command:       C:\Program Files\nodejs\node.exe C:\Users\ehdgn\AppData\Roaming\npm\node_modules\firebase-tools\lib\bin\firebase.js init
[debug] [2025-06-28T03:46:56.751Z] CLI Version:   14.9.0
[debug] [2025-06-28T03:46:56.751Z] Platform:      win32
[debug] [2025-06-28T03:46:56.751Z] Node Version:  v22.17.0
[debug] [2025-06-28T03:46:56.751Z] Time:          Sat Jun 28 2025 12:46:56 GMT+0900 (대한민국 표준시)
[debug] [2025-06-28T03:46:56.751Z] ----------------------------------------------------------------------
[debug] 
[debug] [2025-06-28T03:46:56.758Z] > command requires scopes: ["email","openid","https://www.googleapis.com/auth/cloudplatformprojects.readonly","https://www.googleapis.com/auth/firebase","https://www.googleapis.com/auth/cloud-platform"]
[debug] [2025-06-28T03:46:56.758Z] > authorizing via signed-in user (allref0214@gmail.com)
[info] 
     ######## #### ########  ######## ########     ###     ######  ########
     ##        ##  ##     ## ##       ##     ##  ##   ##  ##       ##
     ######    ##  ########  ######   ########  #########  ######  ######
     ##        ##  ##    ##  ##       ##     ## ##     ##       ## ##
     ##       #### ##     ## ######## ########  ##     ##  ######  ########

You're about to initialize a Firebase project in this directory:

  C:\Users\ehdgn\Desktop\2025_summer\company1

[debug] [2025-06-28T03:51:15.714Z] ExitPromptError: User force closed the prompt with SIGINT
    at Interface.sigint (C:\Users\ehdgn\AppData\Roaming\npm\node_modules\firebase-tools\node_modules\@inquirer\core\dist\commonjs\lib\create-prompt.js:101:37)
    at Interface.emit (node:events:518:28)
    at Interface.emit (node:domain:489:12)
    at [_ttyWrite] [as _ttyWrite] (node:internal/readline/interface:1132:18)
    at ReadStream.onkeypress (node:internal/readline/interface:271:20)
    at ReadStream.emit (node:events:530:35)
    at ReadStream.emit (node:domain:489:12)
    at emitKeys (node:internal/readline/utils:370:14)
    at emitKeys.next (<anonymous>)
    at ReadStream.onData (node:internal/readline/emitKeypressEvents:64:36)
[error] 
[error] Error: An unexpected error has occurred.
